<?xml version="1.0" encoding="UTF-8"?>
<!-- Generated by org.testng.reporters.JUnitXMLReporter -->
<testsuite hostname="A4SITML22194" ignored="0" name="Default test" tests="8" failures="0" timestamp="14 Nov 2018 16:58:57 GMT" time="28.725" errors="0">
  <testcase name="createEmployeeTest" time="4.174" classname="com.restapiframework.testcases.EmployeeAPITest"/>
  <testcase name="createEmployeeTest" time="1.223" classname="com.restapiframework.testcases.EmployeeAPITest"/>
  <testcase name="createEmployeeTest" time="1.147" classname="com.restapiframework.testcases.EmployeeAPITest"/>
  <testcase name="getEmployeeDetailsTest" time="12.815" classname="com.restapiframework.testcases.EmployeeAPITest"/>
  <testcase name="updateEmployeeTest" time="1.436" classname="com.restapiframework.testcases.EmployeeAPITest"/>
  <testcase name="updateEmployeeTest" time="1.353" classname="com.restapiframework.testcases.EmployeeAPITest"/>
  <testcase name="updateEmployeeTest" time="1.274" classname="com.restapiframework.testcases.EmployeeAPITest"/>
  <testcase name="deleteEmployeeTest" time="2.753" classname="com.restapiframework.testcases.EmployeeAPITest"/>
</testsuite> <!-- Default test -->
