<?xml version="1.0" encoding="UTF-8"?>
<testng-results skipped="0" failed="0" ignored="0" total="8" passed="8">
  <reporter-output>
  </reporter-output>
  <suite name="Default suite" duration-ms="28725" started-at="2018-11-14T16:58:28Z" finished-at="2018-11-14T16:58:57Z">
    <groups>
    </groups>
    <test name="Default test" duration-ms="28725" started-at="2018-11-14T16:58:28Z" finished-at="2018-11-14T16:58:57Z">
      <class name="com.restapiframework.testcases.EmployeeAPITest">
        <test-method status="PASS" signature="setup()[pri:0, instance:com.restapiframework.testcases.EmployeeAPITest@13b13b5d]" name="setup" is-config="true" duration-ms="502" started-at="2018-11-14T16:58:28Z" finished-at="2018-11-14T16:58:29Z">
          <reporter-output>
          </reporter-output>
        </test-method> <!-- setup -->
        <test-method status="PASS" signature="beforeMethod(java.lang.reflect.Method, [Ljava.lang.Object;)[pri:0, instance:com.restapiframework.testcases.EmployeeAPITest@13b13b5d]" name="beforeMethod" is-config="true" duration-ms="5" started-at="2018-11-14T16:58:30Z" finished-at="2018-11-14T16:58:30Z">
          <params>
            <param index="0">
              <value>
                <![CDATA[public void com.restapiframework.testcases.EmployeeAPITest.createEmployeeTest(java.lang.String,java.lang.String,java.lang.String)]]>
              </value>
            </param>
            <param index="1">
              <value>
                <![CDATA[[Ljava.lang.Object;@467b684d]]>
              </value>
            </param>
          </params>
          <reporter-output>
          </reporter-output>
        </test-method> <!-- beforeMethod -->
        <test-method status="PASS" signature="createEmployeeTest(java.lang.String, java.lang.String, java.lang.String)[pri:0, instance:com.restapiframework.testcases.EmployeeAPITest@13b13b5d]" name="createEmployeeTest" duration-ms="4174" started-at="2018-11-14T16:58:30Z" data-provider="GetEmployeeData" finished-at="2018-11-14T16:58:34Z">
          <params>
            <param index="0">
              <value>
                <![CDATA[Sumit]]>
              </value>
            </param>
            <param index="1">
              <value>
                <![CDATA[1000000]]>
              </value>
            </param>
            <param index="2">
              <value>
                <![CDATA[25]]>
              </value>
            </param>
          </params>
          <reporter-output>
          </reporter-output>
        </test-method> <!-- createEmployeeTest -->
        <test-method status="PASS" signature="afterMethod()[pri:0, instance:com.restapiframework.testcases.EmployeeAPITest@13b13b5d]" name="afterMethod" is-config="true" duration-ms="822" started-at="2018-11-14T16:58:34Z" finished-at="2018-11-14T16:58:35Z">
          <reporter-output>
          </reporter-output>
        </test-method> <!-- afterMethod -->
        <test-method status="PASS" signature="beforeMethod(java.lang.reflect.Method, [Ljava.lang.Object;)[pri:0, instance:com.restapiframework.testcases.EmployeeAPITest@13b13b5d]" name="beforeMethod" is-config="true" duration-ms="1" started-at="2018-11-14T16:58:35Z" finished-at="2018-11-14T16:58:35Z">
          <params>
            <param index="0">
              <value>
                <![CDATA[public void com.restapiframework.testcases.EmployeeAPITest.createEmployeeTest(java.lang.String,java.lang.String,java.lang.String)]]>
              </value>
            </param>
            <param index="1">
              <value>
                <![CDATA[[Ljava.lang.Object;@7baf1f5a]]>
              </value>
            </param>
          </params>
          <reporter-output>
          </reporter-output>
        </test-method> <!-- beforeMethod -->
        <test-method status="PASS" signature="createEmployeeTest(java.lang.String, java.lang.String, java.lang.String)[pri:0, instance:com.restapiframework.testcases.EmployeeAPITest@13b13b5d]" name="createEmployeeTest" duration-ms="1223" started-at="2018-11-14T16:58:35Z" data-provider="GetEmployeeData" finished-at="2018-11-14T16:58:36Z">
          <params>
            <param index="0">
              <value>
                <![CDATA[Rohit]]>
              </value>
            </param>
            <param index="1">
              <value>
                <![CDATA[500000]]>
              </value>
            </param>
            <param index="2">
              <value>
                <![CDATA[26]]>
              </value>
            </param>
          </params>
          <reporter-output>
          </reporter-output>
        </test-method> <!-- createEmployeeTest -->
        <test-method status="PASS" signature="afterMethod()[pri:0, instance:com.restapiframework.testcases.EmployeeAPITest@13b13b5d]" name="afterMethod" is-config="true" duration-ms="51" started-at="2018-11-14T16:58:36Z" finished-at="2018-11-14T16:58:36Z">
          <reporter-output>
          </reporter-output>
        </test-method> <!-- afterMethod -->
        <test-method status="PASS" signature="createEmployeeTest(java.lang.String, java.lang.String, java.lang.String)[pri:0, instance:com.restapiframework.testcases.EmployeeAPITest@13b13b5d]" name="createEmployeeTest" duration-ms="1147" started-at="2018-11-14T16:58:36Z" data-provider="GetEmployeeData" finished-at="2018-11-14T16:58:37Z">
          <params>
            <param index="0">
              <value>
                <![CDATA[Nilesh]]>
              </value>
            </param>
            <param index="1">
              <value>
                <![CDATA[800000]]>
              </value>
            </param>
            <param index="2">
              <value>
                <![CDATA[24]]>
              </value>
            </param>
          </params>
          <reporter-output>
          </reporter-output>
        </test-method> <!-- createEmployeeTest -->
        <test-method status="PASS" signature="beforeMethod(java.lang.reflect.Method, [Ljava.lang.Object;)[pri:0, instance:com.restapiframework.testcases.EmployeeAPITest@13b13b5d]" name="beforeMethod" is-config="true" duration-ms="0" started-at="2018-11-14T16:58:36Z" finished-at="2018-11-14T16:58:36Z">
          <params>
            <param index="0">
              <value>
                <![CDATA[public void com.restapiframework.testcases.EmployeeAPITest.createEmployeeTest(java.lang.String,java.lang.String,java.lang.String)]]>
              </value>
            </param>
            <param index="1">
              <value>
                <![CDATA[[Ljava.lang.Object;@6cc86152]]>
              </value>
            </param>
          </params>
          <reporter-output>
          </reporter-output>
        </test-method> <!-- beforeMethod -->
        <test-method status="PASS" signature="afterMethod()[pri:0, instance:com.restapiframework.testcases.EmployeeAPITest@13b13b5d]" name="afterMethod" is-config="true" duration-ms="69" started-at="2018-11-14T16:58:37Z" finished-at="2018-11-14T16:58:37Z">
          <reporter-output>
          </reporter-output>
        </test-method> <!-- afterMethod -->
        <test-method status="PASS" signature="beforeMethod(java.lang.reflect.Method, [Ljava.lang.Object;)[pri:0, instance:com.restapiframework.testcases.EmployeeAPITest@13b13b5d]" name="beforeMethod" is-config="true" duration-ms="0" started-at="2018-11-14T16:58:37Z" finished-at="2018-11-14T16:58:37Z">
          <params>
            <param index="0">
              <value>
                <![CDATA[public void com.restapiframework.testcases.EmployeeAPITest.getEmployeeDetailsTest()]]>
              </value>
            </param>
            <param index="1">
              <value>
                <![CDATA[[Ljava.lang.Object;@611a990b]]>
              </value>
            </param>
          </params>
          <reporter-output>
          </reporter-output>
        </test-method> <!-- beforeMethod -->
        <test-method status="PASS" signature="getEmployeeDetailsTest()[pri:0, instance:com.restapiframework.testcases.EmployeeAPITest@13b13b5d]" name="getEmployeeDetailsTest" duration-ms="12815" started-at="2018-11-14T16:58:37Z" depends-on-methods="com.restapiframework.testcases.EmployeeAPITest.createEmployeeTest" finished-at="2018-11-14T16:58:50Z">
          <reporter-output>
          </reporter-output>
        </test-method> <!-- getEmployeeDetailsTest -->
        <test-method status="PASS" signature="afterMethod()[pri:0, instance:com.restapiframework.testcases.EmployeeAPITest@13b13b5d]" name="afterMethod" is-config="true" duration-ms="48" started-at="2018-11-14T16:58:50Z" finished-at="2018-11-14T16:58:50Z">
          <reporter-output>
          </reporter-output>
        </test-method> <!-- afterMethod -->
        <test-method status="PASS" signature="beforeMethod(java.lang.reflect.Method, [Ljava.lang.Object;)[pri:0, instance:com.restapiframework.testcases.EmployeeAPITest@13b13b5d]" name="beforeMethod" is-config="true" duration-ms="1" started-at="2018-11-14T16:58:50Z" finished-at="2018-11-14T16:58:50Z">
          <params>
            <param index="0">
              <value>
                <![CDATA[public void com.restapiframework.testcases.EmployeeAPITest.updateEmployeeTest(java.lang.String,java.lang.String,java.lang.String)]]>
              </value>
            </param>
            <param index="1">
              <value>
                <![CDATA[[Ljava.lang.Object;@7cbeac65]]>
              </value>
            </param>
          </params>
          <reporter-output>
          </reporter-output>
        </test-method> <!-- beforeMethod -->
        <test-method status="PASS" signature="updateEmployeeTest(java.lang.String, java.lang.String, java.lang.String)[pri:0, instance:com.restapiframework.testcases.EmployeeAPITest@13b13b5d]" name="updateEmployeeTest" duration-ms="1436" started-at="2018-11-14T16:58:50Z" data-provider="GetUpdateEmployeeData" depends-on-methods="com.restapiframework.testcases.EmployeeAPITest.createEmployeeTest" finished-at="2018-11-14T16:58:52Z">
          <params>
            <param index="0">
              <value>
                <![CDATA[SumitPokhra]]>
              </value>
            </param>
            <param index="1">
              <value>
                <![CDATA[1200000]]>
              </value>
            </param>
            <param index="2">
              <value>
                <![CDATA[25]]>
              </value>
            </param>
          </params>
          <reporter-output>
          </reporter-output>
        </test-method> <!-- updateEmployeeTest -->
        <test-method status="PASS" signature="afterMethod()[pri:0, instance:com.restapiframework.testcases.EmployeeAPITest@13b13b5d]" name="afterMethod" is-config="true" duration-ms="58" started-at="2018-11-14T16:58:52Z" finished-at="2018-11-14T16:58:52Z">
          <reporter-output>
          </reporter-output>
        </test-method> <!-- afterMethod -->
        <test-method status="PASS" signature="beforeMethod(java.lang.reflect.Method, [Ljava.lang.Object;)[pri:0, instance:com.restapiframework.testcases.EmployeeAPITest@13b13b5d]" name="beforeMethod" is-config="true" duration-ms="0" started-at="2018-11-14T16:58:52Z" finished-at="2018-11-14T16:58:52Z">
          <params>
            <param index="0">
              <value>
                <![CDATA[public void com.restapiframework.testcases.EmployeeAPITest.updateEmployeeTest(java.lang.String,java.lang.String,java.lang.String)]]>
              </value>
            </param>
            <param index="1">
              <value>
                <![CDATA[[Ljava.lang.Object;@7fe82967]]>
              </value>
            </param>
          </params>
          <reporter-output>
          </reporter-output>
        </test-method> <!-- beforeMethod -->
        <test-method status="PASS" signature="updateEmployeeTest(java.lang.String, java.lang.String, java.lang.String)[pri:0, instance:com.restapiframework.testcases.EmployeeAPITest@13b13b5d]" name="updateEmployeeTest" duration-ms="1353" started-at="2018-11-14T16:58:52Z" data-provider="GetUpdateEmployeeData" depends-on-methods="com.restapiframework.testcases.EmployeeAPITest.createEmployeeTest" finished-at="2018-11-14T16:58:53Z">
          <params>
            <param index="0">
              <value>
                <![CDATA[RohitAgarwal]]>
              </value>
            </param>
            <param index="1">
              <value>
                <![CDATA[1000000]]>
              </value>
            </param>
            <param index="2">
              <value>
                <![CDATA[26]]>
              </value>
            </param>
          </params>
          <reporter-output>
          </reporter-output>
        </test-method> <!-- updateEmployeeTest -->
        <test-method status="PASS" signature="afterMethod()[pri:0, instance:com.restapiframework.testcases.EmployeeAPITest@13b13b5d]" name="afterMethod" is-config="true" duration-ms="51" started-at="2018-11-14T16:58:53Z" finished-at="2018-11-14T16:58:53Z">
          <reporter-output>
          </reporter-output>
        </test-method> <!-- afterMethod -->
        <test-method status="PASS" signature="beforeMethod(java.lang.reflect.Method, [Ljava.lang.Object;)[pri:0, instance:com.restapiframework.testcases.EmployeeAPITest@13b13b5d]" name="beforeMethod" is-config="true" duration-ms="0" started-at="2018-11-14T16:58:53Z" finished-at="2018-11-14T16:58:53Z">
          <params>
            <param index="0">
              <value>
                <![CDATA[public void com.restapiframework.testcases.EmployeeAPITest.updateEmployeeTest(java.lang.String,java.lang.String,java.lang.String)]]>
              </value>
            </param>
            <param index="1">
              <value>
                <![CDATA[[Ljava.lang.Object;@50850539]]>
              </value>
            </param>
          </params>
          <reporter-output>
          </reporter-output>
        </test-method> <!-- beforeMethod -->
        <test-method status="PASS" signature="updateEmployeeTest(java.lang.String, java.lang.String, java.lang.String)[pri:0, instance:com.restapiframework.testcases.EmployeeAPITest@13b13b5d]" name="updateEmployeeTest" duration-ms="1274" started-at="2018-11-14T16:58:53Z" data-provider="GetUpdateEmployeeData" depends-on-methods="com.restapiframework.testcases.EmployeeAPITest.createEmployeeTest" finished-at="2018-11-14T16:58:54Z">
          <params>
            <param index="0">
              <value>
                <![CDATA[NileshSoni]]>
              </value>
            </param>
            <param index="1">
              <value>
                <![CDATA[1100000]]>
              </value>
            </param>
            <param index="2">
              <value>
                <![CDATA[24]]>
              </value>
            </param>
          </params>
          <reporter-output>
          </reporter-output>
        </test-method> <!-- updateEmployeeTest -->
        <test-method status="PASS" signature="afterMethod()[pri:0, instance:com.restapiframework.testcases.EmployeeAPITest@13b13b5d]" name="afterMethod" is-config="true" duration-ms="29" started-at="2018-11-14T16:58:54Z" finished-at="2018-11-14T16:58:54Z">
          <reporter-output>
          </reporter-output>
        </test-method> <!-- afterMethod -->
        <test-method status="PASS" signature="deleteEmployeeTest()[pri:0, instance:com.restapiframework.testcases.EmployeeAPITest@13b13b5d]" name="deleteEmployeeTest" duration-ms="2753" started-at="2018-11-14T16:58:54Z" depends-on-methods="com.restapiframework.testcases.EmployeeAPITest.getEmployeeDetailsTest, com.restapiframework.testcases.EmployeeAPITest.createEmployeeTest, com.restapiframework.testcases.EmployeeAPITest.updateEmployeeTest" finished-at="2018-11-14T16:58:57Z">
          <reporter-output>
          </reporter-output>
        </test-method> <!-- deleteEmployeeTest -->
        <test-method status="PASS" signature="beforeMethod(java.lang.reflect.Method, [Ljava.lang.Object;)[pri:0, instance:com.restapiframework.testcases.EmployeeAPITest@13b13b5d]" name="beforeMethod" is-config="true" duration-ms="0" started-at="2018-11-14T16:58:54Z" finished-at="2018-11-14T16:58:54Z">
          <params>
            <param index="0">
              <value>
                <![CDATA[public void com.restapiframework.testcases.EmployeeAPITest.deleteEmployeeTest()]]>
              </value>
            </param>
            <param index="1">
              <value>
                <![CDATA[[Ljava.lang.Object;@65e21ce3]]>
              </value>
            </param>
          </params>
          <reporter-output>
          </reporter-output>
        </test-method> <!-- beforeMethod -->
        <test-method status="PASS" signature="afterMethod()[pri:0, instance:com.restapiframework.testcases.EmployeeAPITest@13b13b5d]" name="afterMethod" is-config="true" duration-ms="51" started-at="2018-11-14T16:58:57Z" finished-at="2018-11-14T16:58:57Z">
          <reporter-output>
          </reporter-output>
        </test-method> <!-- afterMethod -->
      </class> <!-- com.restapiframework.testcases.EmployeeAPITest -->
    </test> <!-- Default test -->
  </suite> <!-- Default suite -->
</testng-results>
